Base path: 'C:/Program Files/Unity/Hub/Editor/2019.2.2f1/Editor/Data', plugins path 'C:/Program Files/Unity/Hub/Editor/2019.2.2f1/Editor/Data/PlaybackEngines'
Cmd: initializeCompiler
Cmd: compileComputeKernel
  api=4 insize=18610 outsize=8048 ok=1
Cmd: compileComputeKernel
  api=4 insize=15603 outsize=33407 ok=1
Cmd: compileComputeKernel
  api=4 insize=15603 outsize=63394 ok=1
Cmd: compileComputeKernel
  api=4 insize=15603 outsize=36168 ok=1
Cmd: compileComputeKernel
  api=4 insize=15603 outsize=42917 ok=1
Cmd: compileComputeKernel
  api=4 insize=15603 outsize=33112 ok=1
Cmd: compileComputeKernel
  api=4 insize=15603 outsize=48540 ok=1
Cmd: compileComputeKernel
  api=4 insize=15603 outsize=31472 ok=1
Cmd: compileComputeKernel
  api=4 insize=15603 outsize=57607 ok=1
Cmd: compileComputeKernel
  api=4 insize=15603 outsize=68560 ok=1
Cmd: compileComputeKernel
  api=4 insize=25750 outsize=15695 ok=1
Cmd: compileComputeKernel
  api=4 insize=25750 outsize=16121 ok=1
Cmd: compileComputeKernel
  api=4 insize=3797 outsize=1744 ok=1
Cmd: compileComputeKernel
  api=4 insize=11251 outsize=5613 ok=1
Cmd: compileComputeKernel
  api=4 insize=975 outsize=888 ok=1
Cmd: compileComputeKernel
  api=4 insize=9347 outsize=7435 ok=1
Cmd: compileComputeKernel
  api=4 insize=7423 outsize=6586 ok=1
Cmd: compileComputeKernel
  api=4 insize=3092 outsize=1991 ok=1
Cmd: compileComputeKernel
  api=4 insize=1940 outsize=1220 ok=1
Cmd: compileComputeKernel
  api=4 insize=21554 outsize=14529 ok=1
Cmd: compileComputeKernel
  api=4 insize=21751 outsize=21785 ok=1
Cmd: compileComputeKernel
  api=4 insize=8644 outsize=4172 ok=1
Cmd: compileComputeKernel
  api=4 insize=3022 outsize=3237 ok=1
Cmd: compileComputeKernel
  api=4 insize=36515 outsize=32909 ok=1
Cmd: compileComputeKernel
  api=4 insize=36515 outsize=31493 ok=1
Cmd: compileComputeKernel
  api=4 insize=5065 outsize=695 ok=1
Cmd: compileComputeKernel
  api=4 insize=5065 outsize=899 ok=1
Cmd: compileComputeKernel
  api=4 insize=824 outsize=330 ok=1
Cmd: compileComputeKernel
  api=4 insize=15717 outsize=7553 ok=1
Cmd: compileComputeKernel
  api=4 insize=2596 outsize=2268 ok=1
Cmd: compileComputeKernel
  api=4 insize=7700 outsize=6747 ok=1
Cmd: compileComputeKernel
  api=4 insize=3918 outsize=3422 ok=1
Cmd: initializeCompiler
Cmd: compileComputeKernel
  api=4 insize=1176 outsize=772 ok=1
Cmd: compileComputeKernel
  api=4 insize=10881 outsize=9684 ok=1
Cmd: compileComputeKernel
  api=4 insize=18299 outsize=8653 ok=1
Cmd: compileComputeKernel
  api=4 insize=18299 outsize=10507 ok=1
Cmd: compileSnippet
  api=4 type=0 insize=4138 outsize=502 kw=NEAREST_DEPTH pd=UNITY_ENABLE_REFLECTION_BUFFERS UNITY_USE_DITHER_MASK_FOR_ALPHABLENDED_SHADOWS UNITY_PBS_USE_BRDF1 UNITY_SPECCUBE_BOX_PROJECTION UNITY_SPECCUBE_BLENDING UNITY_ENABLE_DETAIL_NORMALMAP SHADER_API_DESKTOP UNITY_LIGHT_PROBE_PROXY_VOLUME UNITY_LIGHTMAP_RGBM_ENCODING ok=1
Cmd: compileComputeKernel
  api=4 insize=4970 outsize=1743 ok=1
